<?xml version="1.0" encoding="UTF-8"?>
<!-- Generated by org.testng.reporters.JUnitReportReporter -->
<testsuite skipped="0" hostname="WINCTRL-ML1PKFF" name="rahulshettyacademy.Mavenjava.AppiumTest" tests="2" failures="0" timestamp="2020-06-30T06:35:41 IST" time="0.002" errors="0">
  <testcase name="IosApps" time="0.001" classname="rahulshettyacademy.Mavenjava.AppiumTest"/>
  <system-out/>
  <testcase name="NativeApp" time="0.001" classname="rahulshettyacademy.Mavenjava.AppiumTest"/>
  <system-out/>
</testsuite> <!-- rahulshettyacademy.Mavenjava.AppiumTest -->
