<?xml version="1.0" encoding="UTF-8"?>
<!-- Generated by org.testng.reporters.JUnitReportReporter -->
<testsuite skipped="0" hostname="WINCTRL-ML1PKFF" name="rahulshettyacademy.Mavenjava.RestApiTest" tests="2" failures="0" timestamp="2020-06-30T06:38:29 IST" time="0.025" errors="0">
  <testcase name="deletetwitter" time="0.000" classname="rahulshettyacademy.Mavenjava.RestApiTest"/>
  <system-out/>
  <testcase name="PostJira" time="0.025" classname="rahulshettyacademy.Mavenjava.RestApiTest"/>
  <system-out/>
</testsuite> <!-- rahulshettyacademy.Mavenjava.RestApiTest -->
