<?xml version="1.0" encoding="UTF-8"?>
<!-- Generated by org.testng.reporters.JUnitReportReporter -->
<testsuite skipped="0" hostname="WINCTRL-ML1PKFF" name="rahulshettyacademy.Mavenjava.SeleniumTest" tests="2" failures="0" timestamp="2020-06-30T06:38:29 IST" time="0.002" errors="0">
  <testcase name="BrowserAutomation" time="0.001" classname="rahulshettyacademy.Mavenjava.SeleniumTest"/>
  <system-out/>
  <testcase name="elementUI" time="0.001" classname="rahulshettyacademy.Mavenjava.SeleniumTest"/>
  <system-out/>
</testsuite> <!-- rahulshettyacademy.Mavenjava.SeleniumTest -->
